{"C:\\Users\\pgliszcz\\OneDrive - Automatic Data Processing Inc\\Dokumenty\\graduate-program\\frontend-react-app\\react\\src\\components\\CustomerListTitle.jsx": {"path":"C:\\Users\\pgliszcz\\OneDrive - Automatic Data Processing Inc\\Dokumenty\\graduate-program\\frontend-react-app\\react\\src\\components\\CustomerListTitle.jsx","statementMap":{"0":{"start":{"line":3,"column":26},"end":{"line":9,"column":1}},"1":{"start":{"line":4,"column":2},"end":{"line":8,"column":3}}},"fnMap":{"0":{"name":"(anonymous_0)","decl":{"start":{"line":3,"column":26},"end":{"line":3,"column":27}},"loc":{"start":{"line":3,"column":32},"end":{"line":9,"column":1}},"line":3}},"branchMap":{},"s":{"0":1,"1":1},"f":{"0":1},"b":{},"_coverageSchema":"1a1c01bbd47fc00a2c39e90264f33305004495a9","hash":"c48ba2682933906f9da2b9b52b70ca9aa7ef2b79"}
,"C:\\Users\\pgliszcz\\OneDrive - Automatic Data Processing Inc\\Dokumenty\\graduate-program\\frontend-react-app\\react\\src\\components\\CustomerTable.jsx": {"path":"C:\\Users\\pgliszcz\\OneDrive - Automatic Data Processing Inc\\Dokumenty\\graduate-program\\frontend-react-app\\react\\src\\components\\CustomerTable.jsx","statementMap":{"0":{"start":{"line":3,"column":22},"end":{"line":16,"column":1}},"1":{"start":{"line":5,"column":2},"end":{"line":15,"column":3}}},"fnMap":{"0":{"name":"(anonymous_0)","decl":{"start":{"line":3,"column":22},"end":{"line":3,"column":23}},"loc":{"start":{"line":3,"column":28},"end":{"line":16,"column":1}},"line":3}},"branchMap":{},"s":{"0":1,"1":1},"f":{"0":1},"b":{},"_coverageSchema":"1a1c01bbd47fc00a2c39e90264f33305004495a9","hash":"35dba4cd8f295d194a2f0803229716188f690f46"}
}
