{"C:\\Users\\pgliszcz\\OneDrive - Automatic Data Processing Inc\\Dokumenty\\graduate-program\\frontend-react-app\\react\\src\\components\\CustomerListTitle.jsx": {"path":"C:\\Users\\pgliszcz\\OneDrive - Automatic Data Processing Inc\\Dokumenty\\graduate-program\\frontend-react-app\\react\\src\\components\\CustomerListTitle.jsx","statementMap":{"0":{"start":{"line":3,"column":26},"end":{"line":9,"column":1}},"1":{"start":{"line":4,"column":2},"end":{"line":8,"column":3}}},"fnMap":{"0":{"name":"(anonymous_0)","decl":{"start":{"line":3,"column":26},"end":{"line":3,"column":27}},"loc":{"start":{"line":3,"column":32},"end":{"line":9,"column":1}},"line":3}},"branchMap":{},"s":{"0":1,"1":1},"f":{"0":1},"b":{},"_coverageSchema":"1a1c01bbd47fc00a2c39e90264f33305004495a9","hash":"c48ba2682933906f9da2b9b52b70ca9aa7ef2b79"}
,"C:\\Users\\pgliszcz\\OneDrive - Automatic Data Processing Inc\\Dokumenty\\graduate-program\\frontend-react-app\\react\\src\\components\\CustomerTable.jsx": {"path":"C:\\Users\\pgliszcz\\OneDrive - Automatic Data Processing Inc\\Dokumenty\\graduate-program\\frontend-react-app\\react\\src\\components\\CustomerTable.jsx","statementMap":{"0":{"start":{"line":5,"column":23},"end":{"line":10,"column":1}},"1":{"start":{"line":12,"column":22},"end":{"line":56,"column":1}},"2":{"start":{"line":14,"column":42},"end":{"line":14,"column":54}},"3":{"start":{"line":15,"column":50},"end":{"line":15,"column":74}},"4":{"start":{"line":17,"column":2},"end":{"line":19,"column":9}},"5":{"start":{"line":18,"column":4},"end":{"line":18,"column":57}},"6":{"start":{"line":18,"column":30},"end":{"line":18,"column":55}},"7":{"start":{"line":21,"column":21},"end":{"line":27,"column":3}},"8":{"start":{"line":22,"column":4},"end":{"line":25,"column":5}},"9":{"start":{"line":23,"column":6},"end":{"line":23,"column":42}},"10":{"start":{"line":24,"column":6},"end":{"line":24,"column":13}},"11":{"start":{"line":26,"column":4},"end":{"line":26,"column":34}},"12":{"start":{"line":29,"column":24},"end":{"line":34,"column":3}},"13":{"start":{"line":30,"column":4},"end":{"line":32,"column":5}},"14":{"start":{"line":31,"column":6},"end":{"line":31,"column":23}},"15":{"start":{"line":33,"column":4},"end":{"line":33,"column":21}},"16":{"start":{"line":36,"column":2},"end":{"line":55,"column":3}},"17":{"start":{"line":47,"column":10},"end":{"line":51,"column":15}},"18":{"start":{"line":47,"column":29},"end":{"line":47,"column":49}}},"fnMap":{"0":{"name":"(anonymous_0)","decl":{"start":{"line":12,"column":22},"end":{"line":12,"column":23}},"loc":{"start":{"line":12,"column":28},"end":{"line":56,"column":1}},"line":12},"1":{"name":"(anonymous_1)","decl":{"start":{"line":17,"column":12},"end":{"line":17,"column":13}},"loc":{"start":{"line":17,"column":18},"end":{"line":19,"column":3}},"line":17},"2":{"name":"(anonymous_2)","decl":{"start":{"line":18,"column":18},"end":{"line":18,"column":19}},"loc":{"start":{"line":18,"column":30},"end":{"line":18,"column":55}},"line":18},"3":{"name":"(anonymous_3)","decl":{"start":{"line":21,"column":21},"end":{"line":21,"column":22}},"loc":{"start":{"line":21,"column":35},"end":{"line":27,"column":3}},"line":21},"4":{"name":"(anonymous_4)","decl":{"start":{"line":29,"column":24},"end":{"line":29,"column":25}},"loc":{"start":{"line":29,"column":40},"end":{"line":34,"column":3}},"line":29},"5":{"name":"(anonymous_5)","decl":{"start":{"line":46,"column":26},"end":{"line":46,"column":27}},"loc":{"start":{"line":47,"column":10},"end":{"line":51,"column":15}},"line":47},"6":{"name":"(anonymous_6)","decl":{"start":{"line":47,"column":23},"end":{"line":47,"column":24}},"loc":{"start":{"line":47,"column":29},"end":{"line":47,"column":49}},"line":47}},"branchMap":{"0":{"loc":{"start":{"line":22,"column":4},"end":{"line":25,"column":5}},"type":"if","locations":[{"start":{"line":22,"column":4},"end":{"line":25,"column":5}},{"start":{},"end":{}}],"line":22},"1":{"loc":{"start":{"line":30,"column":4},"end":{"line":32,"column":5}},"type":"if","locations":[{"start":{"line":30,"column":4},"end":{"line":32,"column":5}},{"start":{},"end":{}}],"line":30}},"s":{"0":1,"1":1,"2":11,"3":11,"4":11,"5":4,"6":4,"7":11,"8":3,"9":1,"10":1,"11":2,"12":11,"13":7,"14":5,"15":2,"16":11,"17":7,"18":3},"f":{"0":11,"1":4,"2":4,"3":3,"4":7,"5":7,"6":3},"b":{"0":[1,2],"1":[5,2]},"_coverageSchema":"1a1c01bbd47fc00a2c39e90264f33305004495a9","hash":"1940d2889b6af5df2ec43b3b5dcc481a43623a43"}
,"C:\\Users\\pgliszcz\\OneDrive - Automatic Data Processing Inc\\Dokumenty\\graduate-program\\frontend-react-app\\react\\src\\rest\\restdb.js": {"path":"C:\\Users\\pgliszcz\\OneDrive - Automatic Data Processing Inc\\Dokumenty\\graduate-program\\frontend-react-app\\react\\src\\rest\\restdb.js","statementMap":{"0":{"start":{"line":1,"column":17},"end":{"line":1,"column":40}},"1":{"start":{"line":2,"column":27},"end":{"line":2,"column":38}},"2":{"start":{"line":4,"column":22},"end":{"line":18,"column":1}},"3":{"start":{"line":5,"column":2},"end":{"line":17,"column":3}},"4":{"start":{"line":6,"column":21},"end":{"line":6,"column":69}},"5":{"start":{"line":8,"column":4},"end":{"line":10,"column":5}},"6":{"start":{"line":9,"column":6},"end":{"line":9,"column":85}},"7":{"start":{"line":12,"column":25},"end":{"line":12,"column":46}},"8":{"start":{"line":13,"column":4},"end":{"line":13,"column":24}},"9":{"start":{"line":16,"column":4},"end":{"line":16,"column":59}}},"fnMap":{"0":{"name":"(anonymous_0)","decl":{"start":{"line":4,"column":22},"end":{"line":4,"column":23}},"loc":{"start":{"line":4,"column":34},"end":{"line":18,"column":1}},"line":4}},"branchMap":{"0":{"loc":{"start":{"line":8,"column":4},"end":{"line":10,"column":5}},"type":"if","locations":[{"start":{"line":8,"column":4},"end":{"line":10,"column":5}},{"start":{},"end":{}}],"line":8}},"s":{"0":2,"1":2,"2":2,"3":3,"4":3,"5":2,"6":1,"7":1,"8":1,"9":2},"f":{"0":3},"b":{"0":[1,1]},"_coverageSchema":"1a1c01bbd47fc00a2c39e90264f33305004495a9","hash":"df3eb2f106ce992a09882e83c03237e7c11d8ed0"}
}
