TN:
SF:src\components\AddUpdateForm.jsx
FN:8,(anonymous_0)
FN:13,(anonymous_1)
FN:22,(anonymous_2)
FN:31,(anonymous_3)
FN:39,(anonymous_4)
FN:46,(anonymous_5)
FNF:6
FNH:6
FNDA:9,(anonymous_0)
FNDA:3,(anonymous_1)
FNDA:5,(anonymous_2)
FNDA:1,(anonymous_3)
FNDA:1,(anonymous_4)
FNDA:1,(anonymous_5)
DA:8,1
DA:10,9
DA:11,9
DA:13,9
DA:14,3
DA:22,9
DA:23,5
DA:26,9
DA:31,1
DA:39,1
DA:46,1
LF:11
LH:11
BRDA:35,0,0,6
BRDA:35,0,1,3
BRDA:43,1,0,4
BRDA:43,1,1,5
BRDA:50,2,0,3
BRDA:50,2,1,6
BRF:6
BRH:6
end_of_record
TN:
SF:src\components\AddUpdateFormTitle.jsx
FN:5,(anonymous_0)
FN:9,(anonymous_1)
FNF:2
FNH:2
FNDA:10,(anonymous_0)
FNDA:10,(anonymous_1)
DA:5,2
DA:7,10
DA:9,10
DA:10,10
DA:13,10
LF:5
LH:5
BRDA:10,0,0,3
BRDA:10,0,1,7
BRF:2
BRH:2
end_of_record
TN:
SF:src\components\CustomerList.jsx
FN:7,(anonymous_0)
FNF:1
FNH:1
FNDA:4,(anonymous_0)
DA:7,1
DA:8,4
LF:2
LH:2
BRF:0
BRH:0
end_of_record
TN:
SF:src\components\CustomerListTitle.jsx
FN:4,(anonymous_0)
FNF:1
FNH:1
FNDA:5,(anonymous_0)
DA:4,2
DA:5,5
LF:2
LH:2
BRF:0
BRH:0
end_of_record
TN:
SF:src\components\CustomerTable.jsx
FN:6,(anonymous_0)
FN:11,(anonymous_1)
FN:19,(anonymous_2)
FN:26,(anonymous_3)
FN:41,(anonymous_4)
FN:42,(anonymous_5)
FNF:6
FNH:6
FNDA:10,(anonymous_0)
FNDA:4,(anonymous_1)
FNDA:10,(anonymous_2)
FNDA:10,(anonymous_3)
FNDA:10,(anonymous_4)
FNDA:4,(anonymous_5)
DA:6,2
DA:8,10
DA:9,10
DA:11,10
DA:12,4
DA:13,1
DA:14,1
DA:16,3
DA:19,10
DA:20,10
DA:21,8
DA:23,2
DA:26,10
DA:27,10
DA:30,10
DA:42,10
LF:16
LH:16
BRDA:12,0,0,1
BRDA:12,0,1,3
BRDA:20,1,0,8
BRDA:20,1,1,2
BRF:4
BRH:4
end_of_record
TN:
SF:src\components\FormButtons.jsx
FN:7,(anonymous_0)
FN:14,(anonymous_1)
FN:20,(anonymous_2)
FN:28,(anonymous_3)
FN:48,(anonymous_4)
FNF:5
FNH:5
FNDA:16,(anonymous_0)
FNDA:3,(anonymous_1)
FNDA:2,(anonymous_2)
FNDA:3,(anonymous_3)
FNDA:3,(anonymous_4)
DA:7,2
DA:9,16
DA:10,16
DA:11,16
DA:12,16
DA:14,16
DA:15,3
DA:20,16
DA:21,2
DA:22,1
DA:23,1
DA:24,1
DA:28,16
DA:29,3
DA:30,1
DA:33,2
DA:34,1
DA:35,1
DA:37,1
DA:38,1
DA:39,1
DA:40,1
DA:43,1
DA:44,1
DA:45,1
DA:48,16
DA:49,3
DA:50,2
DA:52,3
DA:55,16
LF:30
LH:30
BRDA:15,0,0,3
BRDA:15,0,1,2
BRDA:15,0,2,2
BRDA:21,1,0,1
BRDA:21,1,1,1
BRDA:29,2,0,1
BRDA:29,2,1,2
BRDA:33,3,0,1
BRDA:33,3,1,1
BRDA:49,4,0,2
BRDA:49,4,1,1
BRF:11
BRH:11
end_of_record
TN:
SF:src\components\Heading.jsx
FN:6,(anonymous_0)
FN:10,(anonymous_1)
FNF:2
FNH:2
FNDA:2,(anonymous_0)
FNDA:2,(anonymous_1)
DA:6,1
DA:8,2
DA:10,2
DA:11,2
DA:14,2
LF:5
LH:5
BRDA:11,0,0,1
BRDA:11,0,1,1
BRF:2
BRH:2
end_of_record
TN:
SF:src\components\SearchBar.jsx
FN:5,(anonymous_0)
FN:9,(anonymous_1)
FNF:2
FNH:2
FNDA:6,(anonymous_0)
FNDA:1,(anonymous_1)
DA:5,2
DA:7,6
DA:9,6
DA:10,1
DA:13,6
LF:5
LH:5
BRF:0
BRH:0
end_of_record
TN:
SF:src\components\hooks\CustomerContext.jsx
FN:12,(anonymous_0)
FN:23,(anonymous_1)
FNF:2
FNH:2
FNDA:9,(anonymous_0)
FNDA:8,(anonymous_1)
DA:3,7
DA:10,7
DA:12,7
DA:13,9
DA:14,9
DA:16,9
DA:23,8
LF:7
LH:7
BRF:0
BRH:0
end_of_record
TN:
SF:src\components\hooks\DataProviderContext.jsx
FN:6,(anonymous_0)
FN:9,(anonymous_1)
FN:10,(anonymous_2)
FN:13,(anonymous_3)
FN:19,(anonymous_4)
FN:25,(anonymous_5)
FN:40,(anonymous_6)
FNF:7
FNH:7
FNDA:12,(anonymous_0)
FNDA:6,(anonymous_1)
FNDA:6,(anonymous_2)
FNDA:1,(anonymous_3)
FNDA:1,(anonymous_4)
FNDA:1,(anonymous_5)
FNDA:12,(anonymous_6)
DA:4,6
DA:6,6
DA:7,12
DA:9,12
DA:10,6
DA:13,12
DA:14,1
DA:15,1
DA:16,1
DA:19,12
DA:20,1
DA:21,1
DA:22,1
DA:25,12
DA:26,1
DA:27,1
DA:28,1
DA:31,12
DA:40,12
LF:19
LH:19
BRF:0
BRH:0
end_of_record
TN:
SF:src\rest\restdb.js
FN:4,(anonymous_0)
FN:21,(anonymous_1)
FN:45,(anonymous_2)
FN:69,(anonymous_3)
FNF:4
FNH:4
FNDA:4,(anonymous_0)
FNDA:3,(anonymous_1)
FNDA:3,(anonymous_2)
FNDA:3,(anonymous_3)
DA:1,7
DA:2,7
DA:4,7
DA:5,4
DA:6,4
DA:7,4
DA:9,3
DA:10,1
DA:13,2
DA:14,2
DA:17,2
DA:21,7
DA:22,3
DA:23,3
DA:25,3
DA:34,2
DA:35,1
DA:38,1
DA:39,1
DA:41,2
DA:45,7
DA:46,3
DA:47,3
DA:49,3
DA:58,2
DA:59,1
DA:62,1
DA:63,1
DA:65,2
DA:69,7
DA:70,3
DA:71,3
DA:76,2
DA:77,1
DA:80,2
LF:35
LH:35
BRDA:6,0,0,4
BRDA:6,0,1,3
BRDA:9,1,0,1
BRDA:9,1,1,2
BRDA:34,2,0,1
BRDA:34,2,1,1
BRDA:58,3,0,1
BRDA:58,3,1,1
BRDA:76,4,0,1
BRDA:76,4,1,1
BRF:10
BRH:10
end_of_record
TN:
SF:src\utils\Validator.js
FN:2,(anonymous_0)
FN:7,(anonymous_1)
FNF:2
FNH:2
FNDA:28,(anonymous_0)
FNDA:14,(anonymous_1)
DA:2,3
DA:3,28
DA:4,28
DA:7,3
DA:8,14
DA:9,14
LF:6
LH:6
BRDA:4,0,0,28
BRDA:4,0,1,15
BRF:2
BRH:2
end_of_record
