TN:
SF:src\components\CustomerListTitle.jsx
FN:3,(anonymous_0)
FNF:1
FNH:1
FNDA:1,(anonymous_0)
DA:3,1
DA:4,1
LF:2
LH:2
BRF:0
BRH:0
end_of_record
TN:
SF:src\components\CustomerTable.jsx
FN:12,(anonymous_0)
FN:17,(anonymous_1)
FN:18,(anonymous_2)
FN:21,(anonymous_3)
FN:29,(anonymous_4)
FN:46,(anonymous_5)
FN:47,(anonymous_6)
FNF:7
FNH:7
FNDA:11,(anonymous_0)
FNDA:4,(anonymous_1)
FNDA:4,(anonymous_2)
FNDA:3,(anonymous_3)
FNDA:7,(anonymous_4)
FNDA:7,(anonymous_5)
FNDA:3,(anonymous_6)
DA:5,1
DA:12,1
DA:14,11
DA:15,11
DA:17,11
DA:18,4
DA:21,11
DA:22,3
DA:23,1
DA:24,1
DA:26,2
DA:29,11
DA:30,7
DA:31,5
DA:33,2
DA:36,11
DA:47,7
LF:17
LH:17
BRDA:22,0,0,1
BRDA:22,0,1,2
BRDA:30,1,0,5
BRDA:30,1,1,2
BRF:4
BRH:4
end_of_record
TN:
SF:src\rest\restdb.js
FN:4,(anonymous_0)
FNF:1
FNH:1
FNDA:3,(anonymous_0)
DA:1,2
DA:2,2
DA:4,2
DA:5,3
DA:6,3
DA:8,2
DA:9,1
DA:12,1
DA:13,1
DA:16,2
LF:10
LH:10
BRDA:8,0,0,1
BRDA:8,0,1,1
BRF:2
BRH:2
end_of_record
